[debug] [2026-02-15T04:11:02.388Z] ----------------------------------------------------------------------
[debug] [2026-02-15T04:11:02.394Z] Command:       /usr/local/bin/node /Users/niigatadaigakukenkyuuyou/.nvm/versions/node/v22.14.0/bin/firebase deploy --only hosting
[debug] [2026-02-15T04:11:02.394Z] CLI Version:   14.12.0
[debug] [2026-02-15T04:11:02.394Z] Platform:      darwin
[debug] [2026-02-15T04:11:02.394Z] Node Version:  v20.18.0
[debug] [2026-02-15T04:11:02.394Z] Time:          Sun Feb 15 2026 13:11:02 GMT+0900 (Japan Standard Time)
[debug] [2026-02-15T04:11:02.394Z] ----------------------------------------------------------------------
[debug] 
[debug] [2026-02-15T04:11:02.489Z] > command requires scopes: ["email","openid","https://www.googleapis.com/auth/cloudplatformprojects.readonly","https://www.googleapis.com/auth/firebase","https://www.googleapis.com/auth/cloud-platform"]
[debug] [2026-02-15T04:11:02.489Z] > authorizing via signed-in user (s.kosei0626@gmail.com)
[debug] [2026-02-15T04:11:02.489Z] [iam] checking project kikidoko for permissions ["firebase.projects.get","firebasehosting.sites.update"]
[debug] [2026-02-15T04:11:02.490Z] Checked if tokens are valid: false, expires at: 1771127522315
[debug] [2026-02-15T04:11:02.490Z] Checked if tokens are valid: false, expires at: 1771127522315
[debug] [2026-02-15T04:11:02.490Z] > refreshing access token with scopes: []
[debug] [2026-02-15T04:11:02.491Z] >>> [apiv2][query] POST https://www.googleapis.com/oauth2/v3/token [none]
[debug] [2026-02-15T04:11:02.491Z] >>> [apiv2][body] POST https://www.googleapis.com/oauth2/v3/token [omitted]
[debug] [2026-02-15T04:11:02.673Z] <<< [apiv2][status] POST https://www.googleapis.com/oauth2/v3/token 200
[debug] [2026-02-15T04:11:02.673Z] <<< [apiv2][body] POST https://www.googleapis.com/oauth2/v3/token [omitted]
[debug] [2026-02-15T04:11:02.683Z] >>> [apiv2][query] POST https://cloudresourcemanager.googleapis.com/v1/projects/kikidoko:testIamPermissions [none]
[debug] [2026-02-15T04:11:02.684Z] >>> [apiv2][(partial)header] POST https://cloudresourcemanager.googleapis.com/v1/projects/kikidoko:testIamPermissions x-goog-quota-user=projects/kikidoko
[debug] [2026-02-15T04:11:02.684Z] >>> [apiv2][body] POST https://cloudresourcemanager.googleapis.com/v1/projects/kikidoko:testIamPermissions {"permissions":["firebase.projects.get","firebasehosting.sites.update"]}
[debug] [2026-02-15T04:11:03.386Z] <<< [apiv2][status] POST https://cloudresourcemanager.googleapis.com/v1/projects/kikidoko:testIamPermissions 200
[debug] [2026-02-15T04:11:03.386Z] <<< [apiv2][body] POST https://cloudresourcemanager.googleapis.com/v1/projects/kikidoko:testIamPermissions {"permissions":["firebase.projects.get","firebasehosting.sites.update"]}
[debug] [2026-02-15T04:11:03.387Z] Checked if tokens are valid: true, expires at: 1771132261673
[debug] [2026-02-15T04:11:03.387Z] Checked if tokens are valid: true, expires at: 1771132261673
[debug] [2026-02-15T04:11:03.387Z] >>> [apiv2][query] GET https://firebase.googleapis.com/v1beta1/projects/kikidoko [none]
[debug] [2026-02-15T04:11:03.803Z] <<< [apiv2][status] GET https://firebase.googleapis.com/v1beta1/projects/kikidoko 200
[debug] [2026-02-15T04:11:03.804Z] <<< [apiv2][body] GET https://firebase.googleapis.com/v1beta1/projects/kikidoko {"projectId":"kikidoko","projectNumber":"644591843641","displayName":"kikidoko","name":"projects/kikidoko","resources":{"hostingSite":"kikidoko"},"state":"ACTIVE","etag":"1_b0f637ca-0ecc-4152-b513-712db973bbdd"}
[info] 
[info] === Deploying to 'kikidoko'...
[info] 
[info] i  deploying hosting 
[debug] [2026-02-15T04:11:03.813Z] Checked if tokens are valid: true, expires at: 1771132261673
[debug] [2026-02-15T04:11:03.813Z] Checked if tokens are valid: true, expires at: 1771132261673
[debug] [2026-02-15T04:11:03.813Z] >>> [apiv2][query] POST https://firebasehosting.googleapis.com/v1beta1/projects/-/sites/kikidoko/versions [none]
[debug] [2026-02-15T04:11:03.813Z] >>> [apiv2][body] POST https://firebasehosting.googleapis.com/v1beta1/projects/-/sites/kikidoko/versions {"status":"CREATED","labels":{"deployment-tool":"cli-firebase"}}
[debug] [2026-02-15T04:11:05.438Z] <<< [apiv2][status] POST https://firebasehosting.googleapis.com/v1beta1/projects/-/sites/kikidoko/versions 200
[debug] [2026-02-15T04:11:05.439Z] <<< [apiv2][body] POST https://firebasehosting.googleapis.com/v1beta1/projects/-/sites/kikidoko/versions {"name":"projects/644591843641/sites/kikidoko/versions/796a4e13ad444b0f","status":"CREATED","config":{},"labels":{"deployment-tool":"cli-firebase"}}
[info] i  hosting[kikidoko]: beginning deploy... 
[info] i  hosting[kikidoko]: found 20 files in frontend/dist 
[debug] [2026-02-15T04:11:05.463Z] [hosting] uploading with 200 concurrency
[debug] [2026-02-15T04:11:05.836Z] Checked if tokens are valid: true, expires at: 1771132261673
[debug] [2026-02-15T04:11:05.836Z] Checked if tokens are valid: true, expires at: 1771132261673
[debug] [2026-02-15T04:11:05.837Z] [hosting] hash cache [ZnJvbnRlbmQvZGlzdA] stored for 20 files
[debug] [2026-02-15T04:11:05.837Z] [hosting][hash queue][FINAL] {"max":369,"min":7,"avg":64.7,"active":0,"complete":20,"success":20,"errored":0,"retried":0,"total":20,"elapsed":373}
[debug] [2026-02-15T04:11:05.837Z] >>> [apiv2][query] POST https://firebasehosting.googleapis.com/v1beta1/projects/644591843641/sites/kikidoko/versions/796a4e13ad444b0f:populateFiles [none]
[debug] [2026-02-15T04:11:05.837Z] >>> [apiv2][body] POST https://firebasehosting.googleapis.com/v1beta1/projects/644591843641/sites/kikidoko/versions/796a4e13ad444b0f:populateFiles {"files":{"/vite.svg":"12b282beddfe94d624e7f1155761299a42ce1e3eac8053ebe3f38bd1fa04816c","/index.html":"b810dd0b317a6f91125f93c979e56b41c31b01991a7f89e3fe49655759035b12","/terms.html":"facbaad7c0b66a6c1f32ff64abe31c36acbaa5fe1bfaf74b779de8ee5227b982","/privacy-policy.html":"724e05199089d0019ad91fa1ab3fed3cce09467e397994a440069e58c9e47ae3","/blog/seo-article-report-2026-02.md":"3b37c694a0d39160fe85012ed31ec7085379d32d733b88633052341d3fdafdca","/blog/publish-log.json":"9d4cf02cf5284ca70bc854ac2cbe022e7e3b4397fd27ce49f8900a16d6ed571b","/blog/drafts/guide-02.md":"27ef7f16bdf2a1938703a2aa4f7e2b0beb18e59898f462dbcbcefae2cc77e845","/blog/README.md":"d7996e2dac7700c75697e22bb319933584858fa9a90789e6945ed5b579afc88a","/blog/drafts/guide-02-plan.md":"bd2dd1cf91aa9b165d28f6dee54a6d2230a46ebf1bc28ebdecff96ca8b605d21","/blog/articles.json":"321f4b4ae6d33b6da23e81eba4dba6b07cd81859c5184b84192a71852b4f6674","/blog/drafts/guide-01.md":"6aea6ecac9538da657166a0c309081a02d080e2207afce526b40410a8fd95c1c","/blog/drafts/guide-01-plan.md":"4440e2c7deb3c639bccc68ae0ce9b4b9e14529e58613834f8c5a3b3f03624040","/assets/index-CW3kLjIs.css":"e7df6c1c9e9311b77a18cb58a13102f1dd786f2ab9eb88ba220e2f568a8bc4ad","/assets/index-LZeyuzjJ.js":"ea86a3a76ef85b27acfb4ab4756ff858e97109ae3e6292f6673a334cd72b2185","/brand/app-icon-square.png":"6a3d4c1e06ea9e6943c630a46fa7329c22bf1ffaa04a739487150076310d476f","/brand/hero-icon-transparent.png":"5a7601f69a7ccb1991a4d02c070bd37ff5006b4ce612987610d7ca50b3ce5be0","/assets/BIZUDPGothic-Bold-BJYHM48A.ttf":"04f6df4ab7ec8df9ed35c1ab49e7866e95bc755fab2e83760fb59503901e2737","/assets/BIZUDPGothic-Regular-ChYpL25h.ttf":"890ecbe99b85ab44bf5832fe0ccd17b279116cd55f43486431e75c54277aac44","/japan-prefectures.geojson":"eb5eaaca2a5054d9207f7b45bde32ba18e41106dd3b4b629b89182e5e29832b1","/equipment_snapshot.json.gz":"22fe94aa0d7a9c565a8fc15db28c4a65d2fa1072faab018d0cad528b08226823"}}
[debug] [2026-02-15T04:11:06.421Z] <<< [apiv2][status] POST https://firebasehosting.googleapis.com/v1beta1/projects/644591843641/sites/kikidoko/versions/796a4e13ad444b0f:populateFiles 200
[debug] [2026-02-15T04:11:06.422Z] <<< [apiv2][body] POST https://firebasehosting.googleapis.com/v1beta1/projects/644591843641/sites/kikidoko/versions/796a4e13ad444b0f:populateFiles {"uploadRequiredHashes":["22fe94aa0d7a9c565a8fc15db28c4a65d2fa1072faab018d0cad528b08226823"],"uploadUrl":"https://upload-firebasehosting.googleapis.com/upload/sites/kikidoko/versions/796a4e13ad444b0f/files"}
[debug] [2026-02-15T04:11:06.423Z] Checked if tokens are valid: true, expires at: 1771132261673
[debug] [2026-02-15T04:11:06.423Z] Checked if tokens are valid: true, expires at: 1771132261673
[debug] [2026-02-15T04:11:06.423Z] >>> [apiv2][query] POST https://upload-firebasehosting.googleapis.com/upload/sites/kikidoko/versions/796a4e13ad444b0f/files/22fe94aa0d7a9c565a8fc15db28c4a65d2fa1072faab018d0cad528b08226823 [none]
[debug] [2026-02-15T04:11:06.423Z] >>> [apiv2][body] POST https://upload-firebasehosting.googleapis.com/upload/sites/kikidoko/versions/796a4e13ad444b0f/files/22fe94aa0d7a9c565a8fc15db28c4a65d2fa1072faab018d0cad528b08226823 [stream]
[debug] [2026-02-15T04:11:06.426Z] [hosting][populate queue][FINAL] {"max":588,"min":588,"avg":588,"active":0,"complete":1,"success":1,"errored":0,"retried":0,"total":1,"elapsed":591}
[debug] [2026-02-15T04:11:06.426Z] [hosting] uploads queued: 1
[info] i  hosting: uploading new files [0/1] (0%) 
[info] i  hosting: uploading new files [0/1] (0%) 
[info] i  hosting: uploading new files [0/1] (0%) 
[info] i  hosting: uploading new files [0/1] (0%) 
[info] i  hosting: uploading new files [0/1] (0%) 
[info] i  hosting: uploading new files [0/1] (0%) 
[info] i  hosting: uploading new files [0/1] (0%) 
[info] i  hosting: uploading new files [0/1] (0%) 
[info] i  hosting: uploading new files [0/1] (0%) 
[info] i  hosting: uploading new files [0/1] (0%) 
[info] i  hosting: uploading new files [0/1] (0%) 
[info] i  hosting: uploading new files [0/1] (0%) 
[info] i  hosting: uploading new files [0/1] (0%) 
[info] i  hosting: uploading new files [0/1] (0%) 
[info] i  hosting: uploading new files [0/1] (0%) 
[info] i  hosting: uploading new files [0/1] (0%) 
[info] i  hosting: uploading new files [0/1] (0%) 
[info] i  hosting: uploading new files [0/1] (0%) 
[info] i  hosting: uploading new files [0/1] (0%) 
[info] i  hosting: uploading new files [0/1] (0%) 
[info] i  hosting: uploading new files [0/1] (0%) 
[info] i  hosting: uploading new files [0/1] (0%) 
[info] i  hosting: uploading new files [0/1] (0%) 
[info] i  hosting: uploading new files [0/1] (0%) 
[info] i  hosting: uploading new files [0/1] (0%) 
[info] i  hosting: uploading new files [0/1] (0%) 
[info] i  hosting: uploading new files [0/1] (0%) 
[info] i  hosting: uploading new files [0/1] (0%) 
[info] i  hosting: uploading new files [0/1] (0%) 
[info] i  hosting: uploading new files [0/1] (0%) 
[info] i  hosting: uploading new files [0/1] (0%) 
[info] i  hosting: uploading new files [0/1] (0%) 
[info] i  hosting: uploading new files [0/1] (0%) 
[info] i  hosting: uploading new files [0/1] (0%) 
[info] i  hosting: uploading new files [0/1] (0%) 
[info] i  hosting: uploading new files [0/1] (0%) 
[info] i  hosting: uploading new files [0/1] (0%) 
[info] i  hosting: uploading new files [0/1] (0%) 
[info] i  hosting: uploading new files [0/1] (0%) 
[info] i  hosting: uploading new files [0/1] (0%) 
[info] i  hosting: uploading new files [0/1] (0%) 
[info] i  hosting: uploading new files [0/1] (0%) 
[info] i  hosting: uploading new files [0/1] (0%) 
[info] i  hosting: uploading new files [0/1] (0%) 
[info] i  hosting: uploading new files [0/1] (0%) 
[info] i  hosting: uploading new files [0/1] (0%) 
[info] i  hosting: uploading new files [0/1] (0%) 
[info] i  hosting: uploading new files [0/1] (0%) 
[info] i  hosting: uploading new files [0/1] (0%) 
[info] i  hosting: uploading new files [0/1] (0%) 
[info] i  hosting: uploading new files [0/1] (0%) 
[info] i  hosting: uploading new files [0/1] (0%) 
[info] i  hosting: uploading new files [0/1] (0%) 
[info] i  hosting: uploading new files [0/1] (0%) 
[info] i  hosting: uploading new files [0/1] (0%) 
[info] i  hosting: uploading new files [0/1] (0%) 
[info] i  hosting: uploading new files [0/1] (0%) 
[info] i  hosting: uploading new files [0/1] (0%) 
[info] i  hosting: uploading new files [0/1] (0%) 
[info] i  hosting: uploading new files [0/1] (0%) 
[info] i  hosting: uploading new files [0/1] (0%) 
[info] i  hosting: uploading new files [0/1] (0%) 
[info] i  hosting: uploading new files [0/1] (0%) 
[info] i  hosting: uploading new files [0/1] (0%) 
[info] i  hosting: uploading new files [0/1] (0%) 
[info] i  hosting: uploading new files [0/1] (0%) 
[info] i  hosting: uploading new files [0/1] (0%) 
[info] i  hosting: uploading new files [0/1] (0%) 
[info] i  hosting: uploading new files [0/1] (0%) 
[info] i  hosting: uploading new files [0/1] (0%) 
[info] i  hosting: uploading new files [0/1] (0%) 
[info] i  hosting: uploading new files [0/1] (0%) 
[info] i  hosting: uploading new files [0/1] (0%) 
[info] i  hosting: uploading new files [0/1] (0%) 
[info] i  hosting: uploading new files [0/1] (0%) 
[info] i  hosting: uploading new files [0/1] (0%) 
[info] i  hosting: uploading new files [0/1] (0%) 
[info] i  hosting: uploading new files [0/1] (0%) 
[info] i  hosting: uploading new files [0/1] (0%) 
[info] i  hosting: uploading new files [0/1] (0%) 
[info] i  hosting: uploading new files [0/1] (0%) 
[info] i  hosting: uploading new files [0/1] (0%) 
[info] i  hosting: uploading new files [0/1] (0%) 
[info] i  hosting: uploading new files [0/1] (0%) 
[info] i  hosting: uploading new files [0/1] (0%) 
[info] i  hosting: uploading new files [0/1] (0%) 
[info] i  hosting: uploading new files [0/1] (0%) 
[info] i  hosting: uploading new files [0/1] (0%) 
[info] i  hosting: uploading new files [0/1] (0%) 
[info] i  hosting: uploading new files [0/1] (0%) 
[info] i  hosting: uploading new files [0/1] (0%) 
[info] i  hosting: uploading new files [0/1] (0%) 
[info] i  hosting: uploading new files [0/1] (0%) 
[info] i  hosting: uploading new files [0/1] (0%) 
[info] i  hosting: uploading new files [0/1] (0%) 
[info] i  hosting: uploading new files [0/1] (0%) 
[info] i  hosting: uploading new files [0/1] (0%) 
[info] i  hosting: uploading new files [0/1] (0%) 
[info] i  hosting: uploading new files [0/1] (0%) 
[info] i  hosting: uploading new files [0/1] (0%) 
[info] i  hosting: uploading new files [0/1] (0%) 
[info] i  hosting: uploading new files [0/1] (0%) 
[info] i  hosting: uploading new files [0/1] (0%) 
[info] i  hosting: uploading new files [0/1] (0%) 
[info] i  hosting: uploading new files [0/1] (0%) 
[info] i  hosting: uploading new files [0/1] (0%) 
[info] i  hosting: uploading new files [0/1] (0%) 
[info] i  hosting: uploading new files [0/1] (0%) 
[info] i  hosting: uploading new files [0/1] (0%) 
[info] i  hosting: uploading new files [0/1] (0%) 
[info] i  hosting: uploading new files [0/1] (0%) 
[info] i  hosting: uploading new files [0/1] (0%) 
[info] i  hosting: uploading new files [0/1] (0%) 
[info] i  hosting: uploading new files [0/1] (0%) 
[info] i  hosting: uploading new files [0/1] (0%) 
[info] i  hosting: uploading new files [0/1] (0%) 
[info] i  hosting: uploading new files [0/1] (0%) 
[info] i  hosting: uploading new files [0/1] (0%) 
[info] i  hosting: uploading new files [0/1] (0%) 
[info] i  hosting: uploading new files [0/1] (0%) 
[info] i  hosting: uploading new files [0/1] (0%) 
[info] i  hosting: uploading new files [0/1] (0%) 
[info] i  hosting: uploading new files [0/1] (0%) 
[info] i  hosting: uploading new files [0/1] (0%) 
[info] i  hosting: uploading new files [0/1] (0%) 
[info] i  hosting: uploading new files [0/1] (0%) 
[info] i  hosting: uploading new files [0/1] (0%) 
[info] i  hosting: uploading new files [0/1] (0%) 
[info] i  hosting: uploading new files [0/1] (0%) 
[info] i  hosting: uploading new files [0/1] (0%) 
[info] i  hosting: uploading new files [0/1] (0%) 
[info] i  hosting: uploading new files [0/1] (0%) 
[info] i  hosting: uploading new files [0/1] (0%) 
[info] i  hosting: uploading new files [0/1] (0%) 
[info] i  hosting: uploading new files [0/1] (0%) 
[info] i  hosting: uploading new files [0/1] (0%) 
[info] i  hosting: uploading new files [0/1] (0%) 
[info] i  hosting: uploading new files [0/1] (0%) 
[info] i  hosting: uploading new files [0/1] (0%) 
[info] i  hosting: uploading new files [0/1] (0%) 
[info] i  hosting: uploading new files [0/1] (0%) 
[info] i  hosting: uploading new files [0/1] (0%) 
[info] i  hosting: uploading new files [0/1] (0%) 
[info] i  hosting: uploading new files [0/1] (0%) 
[info] i  hosting: uploading new files [0/1] (0%) 
[info] i  hosting: uploading new files [0/1] (0%) 
[info] i  hosting: uploading new files [0/1] (0%) 
[info] i  hosting: uploading new files [0/1] (0%) 
[info] i  hosting: uploading new files [0/1] (0%) 
[info] i  hosting: uploading new files [0/1] (0%) 
[info] i  hosting: uploading new files [0/1] (0%) 
[info] i  hosting: uploading new files [0/1] (0%) 
[info] i  hosting: uploading new files [0/1] (0%) 
[info] i  hosting: uploading new files [0/1] (0%) 
[info] i  hosting: uploading new files [0/1] (0%) 
[info] i  hosting: uploading new files [0/1] (0%) 
[info] i  hosting: uploading new files [0/1] (0%) 
[info] i  hosting: uploading new files [0/1] (0%) 
[info] i  hosting: uploading new files [0/1] (0%) 
[info] i  hosting: uploading new files [0/1] (0%) 
[info] i  hosting: uploading new files [0/1] (0%) 
[info] i  hosting: uploading new files [0/1] (0%) 
[info] i  hosting: uploading new files [0/1] (0%) 
[info] i  hosting: uploading new files [0/1] (0%) 
[debug] [2026-02-15T04:16:35.376Z] [uploadQueue] Retrying task 22fe94aa0d7a9c565a8fc15db28c4a65d2fa1072faab018d0cad528b08226823
[debug] [2026-02-15T04:16:35.380Z] Checked if tokens are valid: true, expires at: 1771132261673
[debug] [2026-02-15T04:16:35.380Z] Checked if tokens are valid: true, expires at: 1771132261673
[debug] [2026-02-15T04:16:35.381Z] >>> [apiv2][query] POST https://upload-firebasehosting.googleapis.com/upload/sites/kikidoko/versions/796a4e13ad444b0f/files/22fe94aa0d7a9c565a8fc15db28c4a65d2fa1072faab018d0cad528b08226823 [none]
[debug] [2026-02-15T04:16:35.381Z] >>> [apiv2][body] POST https://upload-firebasehosting.googleapis.com/upload/sites/kikidoko/versions/796a4e13ad444b0f/files/22fe94aa0d7a9c565a8fc15db28c4a65d2fa1072faab018d0cad528b08226823 [stream]
[info] i  hosting: uploading new files [0/1] (0%) 
[info] i  hosting: uploading new files [0/1] (0%) 
[info] i  hosting: uploading new files [0/1] (0%) 
[info] i  hosting: uploading new files [0/1] (0%) 
[info] i  hosting: uploading new files [0/1] (0%) 
[info] i  hosting: uploading new files [0/1] (0%) 
[info] i  hosting: uploading new files [0/1] (0%) 
[info] i  hosting: uploading new files [0/1] (0%) 
[info] i  hosting: uploading new files [0/1] (0%) 
[info] i  hosting: uploading new files [0/1] (0%) 
[info] i  hosting: uploading new files [0/1] (0%) 
[info] i  hosting: uploading new files [0/1] (0%) 
[info] i  hosting: uploading new files [0/1] (0%) 
[info] i  hosting: uploading new files [0/1] (0%) 
[info] i  hosting: uploading new files [0/1] (0%) 
[info] i  hosting: uploading new files [0/1] (0%) 
[info] i  hosting: uploading new files [0/1] (0%) 
[info] i  hosting: uploading new files [0/1] (0%) 
[info] i  hosting: uploading new files [0/1] (0%) 
[info] i  hosting: uploading new files [0/1] (0%) 
[info] i  hosting: uploading new files [0/1] (0%) 
[info] i  hosting: uploading new files [0/1] (0%) 
[info] i  hosting: uploading new files [0/1] (0%) 
[info] i  hosting: uploading new files [0/1] (0%) 
[info] i  hosting: uploading new files [0/1] (0%) 
[info] i  hosting: uploading new files [0/1] (0%) 
[info] i  hosting: uploading new files [0/1] (0%) 
[info] i  hosting: uploading new files [0/1] (0%) 
[info] i  hosting: uploading new files [0/1] (0%) 
[info] i  hosting: uploading new files [0/1] (0%) 
[info] i  hosting: uploading new files [0/1] (0%) 
[info] i  hosting: uploading new files [0/1] (0%) 
[info] i  hosting: uploading new files [0/1] (0%) 
[info] i  hosting: uploading new files [0/1] (0%) 
[info] i  hosting: uploading new files [0/1] (0%) 
[info] i  hosting: uploading new files [0/1] (0%) 
[info] i  hosting: uploading new files [0/1] (0%) 
[info] i  hosting: uploading new files [0/1] (0%) 
[info] i  hosting: uploading new files [0/1] (0%) 
[info] i  hosting: uploading new files [0/1] (0%) 
[info] i  hosting: uploading new files [0/1] (0%) 
[info] i  hosting: uploading new files [0/1] (0%) 
[info] i  hosting: uploading new files [0/1] (0%) 
[info] i  hosting: uploading new files [0/1] (0%) 
[info] i  hosting: uploading new files [0/1] (0%) 
[info] i  hosting: uploading new files [0/1] (0%) 
[info] i  hosting: uploading new files [0/1] (0%) 
[info] i  hosting: uploading new files [0/1] (0%) 
[info] i  hosting: uploading new files [0/1] (0%) 
[info] i  hosting: uploading new files [0/1] (0%) 
[info] i  hosting: uploading new files [0/1] (0%) 
[info] i  hosting: uploading new files [0/1] (0%) 
[info] i  hosting: uploading new files [0/1] (0%) 
[info] i  hosting: uploading new files [0/1] (0%) 
[info] i  hosting: uploading new files [0/1] (0%) 
[info] i  hosting: uploading new files [0/1] (0%) 
[info] i  hosting: uploading new files [0/1] (0%) 
[info] i  hosting: uploading new files [0/1] (0%) 
[info] i  hosting: uploading new files [0/1] (0%) 
[info] i  hosting: uploading new files [0/1] (0%) 
[info] i  hosting: uploading new files [0/1] (0%) 
[info] i  hosting: uploading new files [0/1] (0%) 
[info] i  hosting: uploading new files [0/1] (0%) 
[info] i  hosting: uploading new files [0/1] (0%) 
[info] i  hosting: uploading new files [0/1] (0%) 
[info] i  hosting: uploading new files [0/1] (0%) 
[info] i  hosting: uploading new files [0/1] (0%) 
[info] i  hosting: uploading new files [0/1] (0%) 
[info] i  hosting: uploading new files [0/1] (0%) 
[info] i  hosting: uploading new files [0/1] (0%) 
[info] i  hosting: uploading new files [0/1] (0%) 
[info] i  hosting: uploading new files [0/1] (0%) 
[info] i  hosting: uploading new files [0/1] (0%) 
[info] i  hosting: uploading new files [0/1] (0%) 
[info] i  hosting: uploading new files [0/1] (0%) 
[info] i  hosting: uploading new files [0/1] (0%) 
[info] i  hosting: uploading new files [0/1] (0%) 
[info] i  hosting: uploading new files [0/1] (0%) 
[info] i  hosting: uploading new files [0/1] (0%) 
[info] i  hosting: uploading new files [0/1] (0%) 
[info] i  hosting: uploading new files [0/1] (0%) 
[info] i  hosting: uploading new files [0/1] (0%) 
[info] i  hosting: uploading new files [0/1] (0%) 
[info] i  hosting: uploading new files [0/1] (0%) 
[info] i  hosting: uploading new files [0/1] (0%) 
[info] i  hosting: uploading new files [0/1] (0%) 
[info] i  hosting: uploading new files [0/1] (0%) 
[info] i  hosting: uploading new files [0/1] (0%) 
[info] i  hosting: uploading new files [0/1] (0%) 
[info] i  hosting: uploading new files [0/1] (0%) 
[info] i  hosting: uploading new files [0/1] (0%) 
[info] i  hosting: uploading new files [0/1] (0%) 
[info] i  hosting: uploading new files [0/1] (0%) 
[info] i  hosting: uploading new files [0/1] (0%) 
[info] i  hosting: uploading new files [0/1] (0%) 
[info] i  hosting: uploading new files [0/1] (0%) 
[info] i  hosting: uploading new files [0/1] (0%) 
[info] i  hosting: uploading new files [0/1] (0%) 
[info] i  hosting: uploading new files [0/1] (0%) 
[info] i  hosting: uploading new files [0/1] (0%) 
[info] i  hosting: uploading new files [0/1] (0%) 
[info] i  hosting: uploading new files [0/1] (0%) 
[info] i  hosting: uploading new files [0/1] (0%) 
[info] i  hosting: uploading new files [0/1] (0%) 
[info] i  hosting: uploading new files [0/1] (0%) 
[info] i  hosting: uploading new files [0/1] (0%) 
[info] i  hosting: uploading new files [0/1] (0%) 
[info] i  hosting: uploading new files [0/1] (0%) 
[info] i  hosting: uploading new files [0/1] (0%) 
[info] i  hosting: uploading new files [0/1] (0%) 
[info] i  hosting: uploading new files [0/1] (0%) 
[info] i  hosting: uploading new files [0/1] (0%) 
[info] i  hosting: uploading new files [0/1] (0%) 
[info] i  hosting: uploading new files [0/1] (0%) 
[info] i  hosting: uploading new files [0/1] (0%) 
[info] i  hosting: uploading new files [0/1] (0%) 
[info] i  hosting: uploading new files [0/1] (0%) 
[info] i  hosting: uploading new files [0/1] (0%) 
[info] i  hosting: uploading new files [0/1] (0%) 
[info] i  hosting: uploading new files [0/1] (0%) 
[info] i  hosting: uploading new files [0/1] (0%) 
[info] i  hosting: uploading new files [0/1] (0%) 
[info] i  hosting: uploading new files [0/1] (0%) 
[info] i  hosting: uploading new files [0/1] (0%) 
[info] i  hosting: uploading new files [0/1] (0%) 
[info] i  hosting: uploading new files [0/1] (0%) 
[info] i  hosting: uploading new files [0/1] (0%) 
[info] i  hosting: uploading new files [0/1] (0%) 
[info] i  hosting: uploading new files [0/1] (0%) 
[info] i  hosting: uploading new files [0/1] (0%) 
[info] i  hosting: uploading new files [0/1] (0%) 
[info] i  hosting: uploading new files [0/1] (0%) 
[info] i  hosting: uploading new files [0/1] (0%) 
[info] i  hosting: uploading new files [0/1] (0%) 
[info] i  hosting: uploading new files [0/1] (0%) 
[info] i  hosting: uploading new files [0/1] (0%) 
[info] i  hosting: uploading new files [0/1] (0%) 
[info] i  hosting: uploading new files [0/1] (0%) 
[info] i  hosting: uploading new files [0/1] (0%) 
[info] i  hosting: uploading new files [0/1] (0%) 
[info] i  hosting: uploading new files [0/1] (0%) 
[info] i  hosting: uploading new files [0/1] (0%) 
[info] i  hosting: uploading new files [0/1] (0%) 
[info] i  hosting: uploading new files [0/1] (0%) 
[info] i  hosting: uploading new files [0/1] (0%) 
[info] i  hosting: uploading new files [0/1] (0%) 
[info] i  hosting: uploading new files [0/1] (0%) 
[info] i  hosting: uploading new files [0/1] (0%) 
[info] i  hosting: uploading new files [0/1] (0%) 
[info] i  hosting: uploading new files [0/1] (0%) 
[info] i  hosting: uploading new files [0/1] (0%) 
[info] i  hosting: uploading new files [0/1] (0%) 
[info] i  hosting: uploading new files [0/1] (0%) 
[info] i  hosting: uploading new files [0/1] (0%) 
[info] i  hosting: uploading new files [0/1] (0%) 
[info] i  hosting: uploading new files [0/1] (0%) 
[info] i  hosting: uploading new files [0/1] (0%) 
[info] i  hosting: uploading new files [0/1] (0%) 
[info] i  hosting: uploading new files [0/1] (0%) 
[info] i  hosting: uploading new files [0/1] (0%) 
[info] i  hosting: uploading new files [0/1] (0%) 
[info] i  hosting: uploading new files [0/1] (0%) 
[info] i  hosting: uploading new files [0/1] (0%) 
[info] i  hosting: uploading new files [0/1] (0%) 
[info] i  hosting: uploading new files [0/1] (0%) 
[debug] [2026-02-15T04:22:04.748Z] [uploadQueue] Retrying task 22fe94aa0d7a9c565a8fc15db28c4a65d2fa1072faab018d0cad528b08226823
[debug] [2026-02-15T04:22:04.757Z] Checked if tokens are valid: true, expires at: 1771132261673
[debug] [2026-02-15T04:22:04.757Z] Checked if tokens are valid: true, expires at: 1771132261673
[debug] [2026-02-15T04:22:04.758Z] >>> [apiv2][query] POST https://upload-firebasehosting.googleapis.com/upload/sites/kikidoko/versions/796a4e13ad444b0f/files/22fe94aa0d7a9c565a8fc15db28c4a65d2fa1072faab018d0cad528b08226823 [none]
[debug] [2026-02-15T04:22:04.758Z] >>> [apiv2][body] POST https://upload-firebasehosting.googleapis.com/upload/sites/kikidoko/versions/796a4e13ad444b0f/files/22fe94aa0d7a9c565a8fc15db28c4a65d2fa1072faab018d0cad528b08226823 [stream]
[info] i  hosting: uploading new files [0/1] (0%) 
[info] i  hosting: uploading new files [0/1] (0%) 
[info] i  hosting: uploading new files [0/1] (0%) 
[info] i  hosting: uploading new files [0/1] (0%) 
[info] i  hosting: uploading new files [0/1] (0%) 
[info] i  hosting: uploading new files [0/1] (0%) 
[info] i  hosting: uploading new files [0/1] (0%) 
[info] i  hosting: uploading new files [0/1] (0%) 
[info] i  hosting: uploading new files [0/1] (0%) 
[info] i  hosting: uploading new files [0/1] (0%) 
[info] i  hosting: uploading new files [0/1] (0%) 
[info] i  hosting: uploading new files [0/1] (0%) 
[info] i  hosting: uploading new files [0/1] (0%) 
[info] i  hosting: uploading new files [0/1] (0%) 
[info] i  hosting: uploading new files [0/1] (0%) 
[info] i  hosting: uploading new files [0/1] (0%) 
[info] i  hosting: uploading new files [0/1] (0%) 
[info] i  hosting: uploading new files [0/1] (0%) 
[info] i  hosting: uploading new files [0/1] (0%) 
[info] i  hosting: uploading new files [0/1] (0%) 
[info] i  hosting: uploading new files [0/1] (0%) 
[info] i  hosting: uploading new files [0/1] (0%) 
[info] i  hosting: uploading new files [0/1] (0%) 
[info] i  hosting: uploading new files [0/1] (0%) 
[info] i  hosting: uploading new files [0/1] (0%) 
[info] i  hosting: uploading new files [0/1] (0%) 
[info] i  hosting: uploading new files [0/1] (0%) 
[info] i  hosting: uploading new files [0/1] (0%) 
[info] i  hosting: uploading new files [0/1] (0%) 
[info] i  hosting: uploading new files [0/1] (0%) 
[info] i  hosting: uploading new files [0/1] (0%) 
[info] i  hosting: uploading new files [0/1] (0%) 
[info] i  hosting: uploading new files [0/1] (0%) 
[info] i  hosting: uploading new files [0/1] (0%) 
[info] i  hosting: uploading new files [0/1] (0%) 
[info] i  hosting: uploading new files [0/1] (0%) 
[info] i  hosting: uploading new files [0/1] (0%) 
[info] i  hosting: uploading new files [0/1] (0%) 
[info] i  hosting: uploading new files [0/1] (0%) 
[info] i  hosting: uploading new files [0/1] (0%) 
[info] i  hosting: uploading new files [0/1] (0%) 
[info] i  hosting: uploading new files [0/1] (0%) 
[info] i  hosting: uploading new files [0/1] (0%) 
[info] i  hosting: uploading new files [0/1] (0%) 
[info] i  hosting: uploading new files [0/1] (0%) 
[info] i  hosting: uploading new files [0/1] (0%) 
[info] i  hosting: uploading new files [0/1] (0%) 
[info] i  hosting: uploading new files [0/1] (0%) 
[info] i  hosting: uploading new files [0/1] (0%) 
[info] i  hosting: uploading new files [0/1] (0%) 
[info] i  hosting: uploading new files [0/1] (0%) 
[info] i  hosting: uploading new files [0/1] (0%) 
[info] i  hosting: uploading new files [0/1] (0%) 
[info] i  hosting: uploading new files [0/1] (0%) 
[info] i  hosting: uploading new files [0/1] (0%) 
[info] i  hosting: uploading new files [0/1] (0%) 
[info] i  hosting: uploading new files [0/1] (0%) 
[info] i  hosting: uploading new files [0/1] (0%) 
[info] i  hosting: uploading new files [0/1] (0%) 
[info] i  hosting: uploading new files [0/1] (0%) 
[info] i  hosting: uploading new files [0/1] (0%) 
[info] i  hosting: uploading new files [0/1] (0%) 
[info] i  hosting: uploading new files [0/1] (0%) 
[info] i  hosting: uploading new files [0/1] (0%) 
[info] i  hosting: uploading new files [0/1] (0%) 
[info] i  hosting: uploading new files [0/1] (0%) 
[info] i  hosting: uploading new files [0/1] (0%) 
[info] i  hosting: uploading new files [0/1] (0%) 
[info] i  hosting: uploading new files [0/1] (0%) 
[info] i  hosting: uploading new files [0/1] (0%) 
[info] i  hosting: uploading new files [0/1] (0%) 
[info] i  hosting: uploading new files [0/1] (0%) 
